<?xml version="1.0" encoding="UTF-8"?>
<coverage generated="1733961681698" clover="3.2.0">
  <project timestamp="1733961681698" name="All files">
    <metrics statements="101" coveredstatements="99" conditionals="77" coveredconditionals="64" methods="22" coveredmethods="22" elements="200" coveredelements="185" complexity="0" loc="101" ncloc="101" packages="3" files="4" classes="4"/>
    <package name="config">
      <metrics statements="28" coveredstatements="28" conditionals="35" coveredconditionals="30" methods="6" coveredmethods="6"/>
      <file name="config.ts" path="/Users/huangyuqian/Desktop/windsurf/firebase/hello-firebase/firebase-image-converter/functions/src/config/config.ts">
        <metrics statements="28" coveredstatements="28" conditionals="35" coveredconditionals="30" methods="6" coveredmethods="6"/>
        <line num="1" count="1" type="stmt"/>
        <line num="7" count="1" type="stmt"/>
        <line num="8" count="5" type="cond" truecount="1" falsecount="1"/>
        <line num="11" count="5" type="cond" truecount="2" falsecount="0"/>
        <line num="13" count="25" type="stmt"/>
        <line num="16" count="5" type="cond" truecount="2" falsecount="0"/>
        <line num="17" count="5" type="cond" truecount="1" falsecount="0"/>
        <line num="18" count="1" type="stmt"/>
        <line num="22" count="4" type="cond" truecount="2" falsecount="0"/>
        <line num="23" count="4" type="cond" truecount="3" falsecount="0"/>
        <line num="24" count="1" type="stmt"/>
        <line num="28" count="3" type="cond" truecount="3" falsecount="1"/>
        <line num="29" count="3" type="cond" truecount="4" falsecount="0"/>
        <line num="30" count="1" type="stmt"/>
        <line num="33" count="2" type="stmt"/>
        <line num="49" count="5" type="stmt"/>
        <line num="50" count="5" type="stmt"/>
        <line num="56" count="1" type="stmt"/>
        <line num="57" count="6" type="cond" truecount="4" falsecount="2"/>
        <line num="58" count="6" type="cond" truecount="1" falsecount="1"/>
        <line num="64" count="1" type="stmt"/>
        <line num="65" count="6" type="stmt"/>
        <line num="66" count="6" type="stmt"/>
        <line num="72" count="1" type="stmt"/>
        <line num="77" count="3" type="stmt"/>
        <line num="78" count="3" type="stmt"/>
        <line num="79" count="3" type="stmt"/>
        <line num="81" count="3" type="cond" truecount="2" falsecount="0"/>
      </file>
    </package>
    <package name="converters">
      <metrics statements="46" coveredstatements="45" conditionals="22" coveredconditionals="16" methods="6" coveredmethods="6"/>
      <file name="imageConverter.ts" path="/Users/huangyuqian/Desktop/windsurf/firebase/hello-firebase/firebase-image-converter/functions/src/converters/imageConverter.ts">
        <metrics statements="46" coveredstatements="45" conditionals="22" coveredconditionals="16" methods="6" coveredmethods="6"/>
        <line num="1" count="1" type="stmt"/>
        <line num="3" count="1" type="stmt"/>
        <line num="4" count="1" type="stmt"/>
        <line num="9" count="1" type="stmt"/>
        <line num="13" count="15" type="stmt"/>
        <line num="20" count="8" type="stmt"/>
        <line num="27" count="8" type="cond" truecount="1" falsecount="1"/>
        <line num="38" count="5" type="stmt"/>
        <line num="39" count="5" type="stmt"/>
        <line num="42" count="5" type="stmt"/>
        <line num="45" count="5" type="cond" truecount="3" falsecount="0"/>
        <line num="46" count="2" type="stmt"/>
        <line num="53" count="5" type="stmt"/>
        <line num="54" count="5" type="stmt"/>
        <line num="62" count="4" type="stmt"/>
        <line num="73" count="1" type="stmt"/>
        <line num="74" count="1" type="stmt"/>
        <line num="90" count="4" type="stmt"/>
        <line num="91" count="4" type="stmt"/>
        <line num="94" count="4" type="stmt"/>
        <line num="97" count="4" type="stmt"/>
        <line num="98" count="3" type="cond" truecount="1" falsecount="1"/>
        <line num="99" count="3" type="cond" truecount="1" falsecount="1"/>
        <line num="102" count="3" type="stmt"/>
        <line num="103" count="3" type="stmt"/>
        <line num="104" count="3" type="stmt"/>
        <line num="106" count="3" type="cond" truecount="2" falsecount="0"/>
        <line num="107" count="1" type="stmt"/>
        <line num="109" count="2" type="stmt"/>
        <line num="113" count="3" type="stmt"/>
        <line num="114" count="3" type="stmt"/>
        <line num="126" count="3" type="stmt"/>
        <line num="137" count="1" type="stmt"/>
        <line num="138" count="1" type="stmt"/>
        <line num="154" count="4" type="stmt"/>
        <line num="155" count="4" type="stmt"/>
        <line num="158" count="3" type="stmt"/>
        <line num="159" count="3" type="cond" truecount="1" falsecount="0"/>
        <line num="161" count="2" type="cond" truecount="1" falsecount="1"/>
        <line num="162" count="2" type="cond" truecount="1" falsecount="0"/>
        <line num="163" count="1" type="stmt"/>
        <line num="167" count="1" type="cond" truecount="1" falsecount="0"/>
        <line num="170" count="1" type="stmt"/>
        <line num="173" count="0" type="stmt"/>
        <line num="176" count="1" type="stmt"/>
        <line num="184" count="2" type="stmt"/>
      </file>
    </package>
    <package name="utils">
      <metrics statements="27" coveredstatements="26" conditionals="20" coveredconditionals="18" methods="10" coveredmethods="10"/>
      <file name="file.ts" path="/Users/huangyuqian/Desktop/windsurf/firebase/hello-firebase/firebase-image-converter/functions/src/utils/file.ts">
        <metrics statements="20" coveredstatements="19" conditionals="16" coveredconditionals="14" methods="5" coveredmethods="5"/>
        <line num="1" count="2" type="stmt"/>
        <line num="2" count="2" type="stmt"/>
        <line num="3" count="2" type="stmt"/>
        <line num="4" count="2" type="stmt"/>
        <line num="8" count="2" type="stmt"/>
        <line num="9" count="2" type="stmt"/>
        <line num="10" count="2" type="stmt"/>
        <line num="12" count="2" type="stmt"/>
        <line num="17" count="2" type="stmt"/>
        <line num="18" count="2" type="stmt"/>
        <line num="25" count="2" type="stmt"/>
        <line num="26" count="2" type="cond" truecount="1" falsecount="0"/>
        <line num="27" count="1" type="stmt"/>
        <line num="30" count="2" type="cond" truecount="3" falsecount="0"/>
        <line num="31" count="1" type="stmt"/>
        <line num="34" count="0" type="stmt"/>
        <line num="42" count="8" type="stmt"/>
        <line num="49" count="4" type="stmt"/>
        <line num="57" count="4" type="cond" truecount="2" falsecount="0"/>
        <line num="64" count="2" type="stmt"/>
      </file>
      <file name="logger.ts" path="/Users/huangyuqian/Desktop/windsurf/firebase/hello-firebase/firebase-image-converter/functions/src/utils/logger.ts">
        <metrics statements="7" coveredstatements="7" conditionals="4" coveredconditionals="4" methods="5" coveredmethods="5"/>
        <line num="1" count="2" type="stmt"/>
        <line num="3" count="2" type="stmt"/>
        <line num="7" count="21" type="stmt"/>
        <line num="11" count="11" type="stmt"/>
        <line num="18" count="4" type="stmt"/>
        <line num="26" count="1" type="stmt"/>
        <line num="33" count="1" type="stmt"/>
      </file>
    </package>
  </project>
</coverage>
