{"/Users/huangyuqian/Desktop/windsurf/firebase/hello-firebase/firebase-image-converter/functions/src/config/config.ts": {"path":"/Users/huangyuqian/Desktop/windsurf/firebase/hello-firebase/firebase-image-converter/functions/src/config/config.ts","statementMap":{"0":{"start":{"line":1,"column":0},"end":{"line":1,"column":48}},"1":{"start":{"line":8,"column":17},"end":{"line":8,"column":56}},"2":{"start":{"line":11,"column":25},"end":{"line":13,"column":57}},"3":{"start":{"line":13,"column":29},"end":{"line":13,"column":56}},"4":{"start":{"line":16,"column":23},"end":{"line":16,"column":83}},"5":{"start":{"line":17,"column":2},"end":{"line":19,"column":null}},"6":{"start":{"line":18,"column":4},"end":{"line":18,"column":62}},"7":{"start":{"line":22,"column":18},"end":{"line":22,"column":46}},"8":{"start":{"line":23,"column":2},"end":{"line":25,"column":null}},"9":{"start":{"line":24,"column":4},"end":{"line":24,"column":57}},"10":{"start":{"line":28,"column":24},"end":{"line":28,"column":100}},"11":{"start":{"line":29,"column":2},"end":{"line":31,"column":null}},"12":{"start":{"line":30,"column":4},"end":{"line":30,"column":65}},"13":{"start":{"line":33,"column":2},"end":{"line":42,"column":4}},"14":{"start":{"line":7,"column":0},"end":{"line":7,"column":16}},"15":{"start":{"line":49,"column":38},"end":{"line":49,"column":76}},"16":{"start":{"line":50,"column":2},"end":{"line":50,"column":54}},"17":{"start":{"line":57,"column":14},"end":{"line":57,"column":60}},"18":{"start":{"line":58,"column":2},"end":{"line":58,"column":38}},"19":{"start":{"line":56,"column":0},"end":{"line":56,"column":16}},"20":{"start":{"line":65,"column":14},"end":{"line":65,"column":40}},"21":{"start":{"line":66,"column":2},"end":{"line":66,"column":38}},"22":{"start":{"line":64,"column":0},"end":{"line":64,"column":16}},"23":{"start":{"line":77,"column":20},"end":{"line":77,"column":43}},"24":{"start":{"line":78,"column":2},"end":{"line":78,"column":18}},"25":{"start":{"line":79,"column":19},"end":{"line":79,"column":38}},"26":{"start":{"line":81,"column":2},"end":{"line":81,"column":69}},"27":{"start":{"line":72,"column":0},"end":{"line":72,"column":16}}},"fnMap":{"0":{"name":"loadConfig","decl":{"start":{"line":7,"column":16},"end":{"line":7,"column":26}},"loc":{"start":{"line":7,"column":26},"end":{"line":43,"column":1}}},"1":{"name":"(anonymous_7)","decl":{"start":{"line":13,"column":9},"end":{"line":13,"column":10}},"loc":{"start":{"line":13,"column":29},"end":{"line":13,"column":56}}},"2":{"name":"isValidImageFormat","decl":{"start":{"line":48,"column":9},"end":{"line":48,"column":27}},"loc":{"start":{"line":48,"column":42},"end":{"line":51,"column":1}}},"3":{"name":"getFileExtension","decl":{"start":{"line":56,"column":16},"end":{"line":56,"column":32}},"loc":{"start":{"line":56,"column":49},"end":{"line":59,"column":1}}},"4":{"name":"isSupportedImage","decl":{"start":{"line":64,"column":16},"end":{"line":64,"column":32}},"loc":{"start":{"line":64,"column":75},"end":{"line":67,"column":1}}},"5":{"name":"generateOutputPath","decl":{"start":{"line":72,"column":16},"end":{"line":72,"column":34}},"loc":{"start":{"line":75,"column":21},"end":{"line":82,"column":1}}}},"branchMap":{"0":{"loc":{"start":{"line":8,"column":17},"end":{"line":8,"column":56}},"type":"binary-expr","locations":[{"start":{"line":8,"column":17},"end":{"line":8,"column":50}},{"start":{"line":8,"column":54},"end":{"line":8,"column":56}}]},"1":{"loc":{"start":{"line":11,"column":26},"end":{"line":11,"column":76}},"type":"binary-expr","locations":[{"start":{"line":11,"column":26},"end":{"line":11,"column":48}},{"start":{"line":11,"column":52},"end":{"line":11,"column":76}}]},"2":{"loc":{"start":{"line":16,"column":24},"end":{"line":16,"column":53}},"type":"binary-expr","locations":[{"start":{"line":16,"column":24},"end":{"line":16,"column":44}},{"start":{"line":16,"column":48},"end":{"line":16,"column":53}}]},"3":{"loc":{"start":{"line":17,"column":2},"end":{"line":19,"column":null}},"type":"if","locations":[{"start":{"line":17,"column":2},"end":{"line":19,"column":null}}]},"4":{"loc":{"start":{"line":22,"column":25},"end":{"line":22,"column":45}},"type":"binary-expr","locations":[{"start":{"line":22,"column":25},"end":{"line":22,"column":39}},{"start":{"line":22,"column":43},"end":{"line":22,"column":45}}]},"5":{"loc":{"start":{"line":23,"column":2},"end":{"line":25,"column":null}},"type":"if","locations":[{"start":{"line":23,"column":2},"end":{"line":25,"column":null}}]},"6":{"loc":{"start":{"line":23,"column":6},"end":{"line":23,"column":34}},"type":"binary-expr","locations":[{"start":{"line":23,"column":6},"end":{"line":23,"column":17}},{"start":{"line":23,"column":21},"end":{"line":23,"column":34}}]},"7":{"loc":{"start":{"line":28,"column":24},"end":{"line":28,"column":100}},"type":"cond-expr","locations":[{"start":{"line":28,"column":52},"end":{"line":28,"column":88}},{"start":{"line":28,"column":91},"end":{"line":28,"column":100}}]},"8":{"loc":{"start":{"line":28,"column":59},"end":{"line":28,"column":87}},"type":"binary-expr","locations":[{"start":{"line":28,"column":59},"end":{"line":28,"column":80}},{"start":{"line":28,"column":84},"end":{"line":28,"column":87}}]},"9":{"loc":{"start":{"line":29,"column":2},"end":{"line":31,"column":null}},"type":"if","locations":[{"start":{"line":29,"column":2},"end":{"line":31,"column":null}}]},"10":{"loc":{"start":{"line":29,"column":6},"end":{"line":29,"column":66}},"type":"binary-expr","locations":[{"start":{"line":29,"column":6},"end":{"line":29,"column":19}},{"start":{"line":29,"column":24},"end":{"line":29,"column":41}},{"start":{"line":29,"column":45},"end":{"line":29,"column":65}}]},"11":{"loc":{"start":{"line":34,"column":14},"end":{"line":34,"column":46}},"type":"binary-expr","locations":[{"start":{"line":34,"column":14},"end":{"line":34,"column":29}},{"start":{"line":34,"column":33},"end":{"line":34,"column":46}}]},"12":{"loc":{"start":{"line":35,"column":15},"end":{"line":35,"column":38}},"type":"binary-expr","locations":[{"start":{"line":35,"column":15},"end":{"line":35,"column":32}},{"start":{"line":35,"column":36},"end":{"line":35,"column":38}}]},"13":{"loc":{"start":{"line":57,"column":14},"end":{"line":57,"column":60}},"type":"binary-expr","locations":[{"start":{"line":57,"column":14},"end":{"line":57,"column":54}},{"start":{"line":57,"column":58},"end":{"line":57,"column":60}}]},"14":{"loc":{"start":{"line":57,"column":14},"end":{"line":57,"column":54}},"type":"cond-expr","locations":[{"start":{"line":57,"column":39},"end":{"line":57,"column":41}},{"start":{"line":57,"column":39},"end":{"line":57,"column":54}}]},"15":{"loc":{"start":{"line":57,"column":14},"end":{"line":57,"column":41}},"type":"binary-expr","locations":[{"start":{"line":57,"column":14},"end":{"line":57,"column":41}},{"start":{"line":57,"column":39},"end":{"line":57,"column":41}}]},"16":{"loc":{"start":{"line":58,"column":9},"end":{"line":58,"column":37}},"type":"cond-expr","locations":[{"start":{"line":58,"column":26},"end":{"line":58,"column":31}},{"start":{"line":58,"column":34},"end":{"line":58,"column":37}}]},"17":{"loc":{"start":{"line":75,"column":2},"end":{"line":75,"column":21}},"type":"default-arg","locations":[{"start":{"line":75,"column":16},"end":{"line":75,"column":21}}]},"18":{"loc":{"start":{"line":81,"column":23},"end":{"line":81,"column":50}},"type":"cond-expr","locations":[{"start":{"line":81,"column":37},"end":{"line":81,"column":45}},{"start":{"line":81,"column":48},"end":{"line":81,"column":50}}]}},"s":{"0":1,"1":5,"2":5,"3":25,"4":5,"5":5,"6":1,"7":4,"8":4,"9":1,"10":3,"11":3,"12":1,"13":2,"14":1,"15":5,"16":5,"17":6,"18":6,"19":1,"20":6,"21":6,"22":1,"23":3,"24":3,"25":3,"26":3,"27":1},"f":{"0":5,"1":25,"2":5,"3":6,"4":6,"5":3},"b":{"0":[5,0],"1":[5,4],"2":[5,3],"3":[1],"4":[4,2],"5":[1],"6":[4,4],"7":[2,1],"8":[2,0],"9":[1],"10":[3,2,2],"11":[2,1],"12":[2,1],"13":[6,0],"14":[0,6],"15":[6,6],"16":[0,6],"17":[2],"18":[1,2]}}
,"/Users/huangyuqian/Desktop/windsurf/firebase/hello-firebase/firebase-image-converter/functions/src/converters/imageConverter.ts": {"path":"/Users/huangyuqian/Desktop/windsurf/firebase/hello-firebase/firebase-image-converter/functions/src/converters/imageConverter.ts","statementMap":{"0":{"start":{"line":1,"column":0},"end":{"line":1,"column":26}},"1":{"start":{"line":3,"column":0},"end":{"line":3,"column":41}},"2":{"start":{"line":4,"column":0},"end":{"line":4,"column":42}},"3":{"start":{"line":13,"column":4},"end":{"line":13,"column":47}},"4":{"start":{"line":20,"column":64},"end":{"line":26,"column":6}},"5":{"start":{"line":27,"column":4},"end":{"line":27,"column":53}},"6":{"start":{"line":38,"column":4},"end":{"line":79,"column":null}},"7":{"start":{"line":39,"column":6},"end":{"line":39,"column":83}},"8":{"start":{"line":42,"column":18},"end":{"line":42,"column":36}},"9":{"start":{"line":45,"column":6},"end":{"line":50,"column":null}},"10":{"start":{"line":46,"column":8},"end":{"line":49,"column":11}},"11":{"start":{"line":53,"column":27},"end":{"line":53,"column":63}},"12":{"start":{"line":54,"column":27},"end":{"line":60,"column":46}},"13":{"start":{"line":62,"column":6},"end":{"line":71,"column":8}},"14":{"start":{"line":73,"column":6},"end":{"line":73,"column":57}},"15":{"start":{"line":74,"column":6},"end":{"line":78,"column":8}},"16":{"start":{"line":90,"column":4},"end":{"line":143,"column":null}},"17":{"start":{"line":91,"column":6},"end":{"line":91,"column":78}},"18":{"start":{"line":94,"column":20},"end":{"line":94,"column":38}},"19":{"start":{"line":97,"column":23},"end":{"line":97,"column":45}},"20":{"start":{"line":98,"column":28},"end":{"line":98,"column":47}},"21":{"start":{"line":99,"column":29},"end":{"line":99,"column":49}},"22":{"start":{"line":102,"column":26},"end":{"line":102,"column":56}},"23":{"start":{"line":103,"column":23},"end":{"line":103,"column":35}},"24":{"start":{"line":104,"column":24},"end":{"line":104,"column":36}},"25":{"start":{"line":106,"column":6},"end":{"line":110,"column":null}},"26":{"start":{"line":107,"column":8},"end":{"line":107,"column":61}},"27":{"start":{"line":109,"column":8},"end":{"line":109,"column":60}},"28":{"start":{"line":113,"column":27},"end":{"line":113,"column":63}},"29":{"start":{"line":114,"column":27},"end":{"line":124,"column":46}},"30":{"start":{"line":126,"column":6},"end":{"line":135,"column":8}},"31":{"start":{"line":137,"column":6},"end":{"line":137,"column":61}},"32":{"start":{"line":138,"column":6},"end":{"line":142,"column":8}},"33":{"start":{"line":154,"column":4},"end":{"line":177,"column":null}},"34":{"start":{"line":155,"column":23},"end":{"line":155,"column":58}},"35":{"start":{"line":158,"column":28},"end":{"line":158,"column":43}},"36":{"start":{"line":159,"column":6},"end":{"line":159,"column":38}},"37":{"start":{"line":159,"column":26},"end":{"line":159,"column":38}},"38":{"start":{"line":161,"column":37},"end":{"line":161,"column":83}},"39":{"start":{"line":162,"column":6},"end":{"line":164,"column":null}},"40":{"start":{"line":163,"column":8},"end":{"line":163,"column":20}},"41":{"start":{"line":167,"column":6},"end":{"line":171,"column":null}},"42":{"start":{"line":170,"column":8},"end":{"line":170,"column":20}},"43":{"start":{"line":173,"column":6},"end":{"line":173,"column":19}},"44":{"start":{"line":176,"column":6},"end":{"line":176,"column":18}},"45":{"start":{"line":184,"column":4},"end":{"line":184,"column":47}},"46":{"start":{"line":9,"column":0},"end":{"line":9,"column":13}}},"fnMap":{"0":{"name":"(anonymous_1)","decl":{"start":{"line":12,"column":2},"end":{"line":12,"column":null}},"loc":{"start":{"line":12,"column":2},"end":{"line":14,"column":3}}},"1":{"name":"(anonymous_2)","decl":{"start":{"line":19,"column":10},"end":{"line":19,"column":25}},"loc":{"start":{"line":19,"column":40},"end":{"line":28,"column":3}}},"2":{"name":"(anonymous_3)","decl":{"start":{"line":33,"column":2},"end":{"line":33,"column":7}},"loc":{"start":{"line":36,"column":28},"end":{"line":80,"column":3}}},"3":{"name":"(anonymous_4)","decl":{"start":{"line":85,"column":2},"end":{"line":85,"column":7}},"loc":{"start":{"line":88,"column":28},"end":{"line":144,"column":3}}},"4":{"name":"(anonymous_5)","decl":{"start":{"line":149,"column":2},"end":{"line":149,"column":8}},"loc":{"start":{"line":152,"column":19},"end":{"line":178,"column":3}}},"5":{"name":"(anonymous_6)","decl":{"start":{"line":183,"column":2},"end":{"line":183,"column":8}},"loc":{"start":{"line":183,"column":51},"end":{"line":185,"column":3}}}},"branchMap":{"0":{"loc":{"start":{"line":27,"column":11},"end":{"line":27,"column":52}},"type":"binary-expr","locations":[{"start":{"line":27,"column":11},"end":{"line":27,"column":42}},{"start":{"line":27,"column":46},"end":{"line":27,"column":52}}]},"1":{"loc":{"start":{"line":45,"column":6},"end":{"line":50,"column":null}},"type":"if","locations":[{"start":{"line":45,"column":6},"end":{"line":50,"column":null}}]},"2":{"loc":{"start":{"line":45,"column":10},"end":{"line":45,"column":41}},"type":"binary-expr","locations":[{"start":{"line":45,"column":10},"end":{"line":45,"column":23}},{"start":{"line":45,"column":27},"end":{"line":45,"column":41}}]},"3":{"loc":{"start":{"line":47,"column":15},"end":{"line":47,"column":38}},"type":"binary-expr","locations":[{"start":{"line":47,"column":15},"end":{"line":47,"column":26}},{"start":{"line":47,"column":30},"end":{"line":47,"column":38}}]},"4":{"loc":{"start":{"line":76,"column":15},"end":{"line":76,"column":92}},"type":"cond-expr","locations":[{"start":{"line":76,"column":40},"end":{"line":76,"column":45}},{"start":{"line":76,"column":48},"end":{"line":76,"column":92}}]},"5":{"loc":{"start":{"line":98,"column":28},"end":{"line":98,"column":47}},"type":"binary-expr","locations":[{"start":{"line":98,"column":28},"end":{"line":98,"column":42}},{"start":{"line":98,"column":46},"end":{"line":98,"column":47}}]},"6":{"loc":{"start":{"line":99,"column":29},"end":{"line":99,"column":49}},"type":"binary-expr","locations":[{"start":{"line":99,"column":29},"end":{"line":99,"column":44}},{"start":{"line":99,"column":48},"end":{"line":99,"column":49}}]},"7":{"loc":{"start":{"line":106,"column":6},"end":{"line":110,"column":null}},"type":"if","locations":[{"start":{"line":106,"column":6},"end":{"line":110,"column":null}},{"start":{"line":108,"column":13},"end":{"line":110,"column":null}}]},"8":{"loc":{"start":{"line":140,"column":15},"end":{"line":140,"column":95}},"type":"cond-expr","locations":[{"start":{"line":140,"column":40},"end":{"line":140,"column":45}},{"start":{"line":140,"column":48},"end":{"line":140,"column":95}}]},"9":{"loc":{"start":{"line":159,"column":6},"end":{"line":159,"column":38}},"type":"if","locations":[{"start":{"line":159,"column":6},"end":{"line":159,"column":38}}]},"10":{"loc":{"start":{"line":161,"column":37},"end":{"line":161,"column":83}},"type":"cond-expr","locations":[{"start":{"line":161,"column":62},"end":{"line":161,"column":68}},{"start":{"line":161,"column":71},"end":{"line":161,"column":83}}]},"11":{"loc":{"start":{"line":162,"column":6},"end":{"line":164,"column":null}},"type":"if","locations":[{"start":{"line":162,"column":6},"end":{"line":164,"column":null}}]},"12":{"loc":{"start":{"line":167,"column":6},"end":{"line":171,"column":null}},"type":"if","locations":[{"start":{"line":167,"column":6},"end":{"line":171,"column":null}}]}},"s":{"0":1,"1":1,"2":1,"3":15,"4":8,"5":8,"6":5,"7":5,"8":5,"9":5,"10":2,"11":5,"12":5,"13":4,"14":1,"15":1,"16":4,"17":4,"18":4,"19":4,"20":3,"21":3,"22":3,"23":3,"24":3,"25":3,"26":1,"27":2,"28":3,"29":3,"30":3,"31":1,"32":1,"33":4,"34":4,"35":3,"36":3,"37":1,"38":2,"39":2,"40":1,"41":1,"42":1,"43":0,"44":1,"45":2,"46":1},"f":{"0":15,"1":8,"2":5,"3":4,"4":4,"5":2},"b":{"0":[8,0],"1":[2],"2":[5,3],"3":[2,1],"4":[0,1],"5":[3,0],"6":[3,0],"7":[1,2],"8":[0,1],"9":[1],"10":[0,2],"11":[1],"12":[1]}}
,"/Users/huangyuqian/Desktop/windsurf/firebase/hello-firebase/firebase-image-converter/functions/src/utils/file.ts": {"path":"/Users/huangyuqian/Desktop/windsurf/firebase/hello-firebase/firebase-image-converter/functions/src/utils/file.ts","statementMap":{"0":{"start":{"line":1,"column":0},"end":{"line":1,"column":25}},"1":{"start":{"line":2,"column":0},"end":{"line":2,"column":29}},"2":{"start":{"line":3,"column":0},"end":{"line":3,"column":25}},"3":{"start":{"line":4,"column":0},"end":{"line":4,"column":33}},"4":{"start":{"line":8,"column":16},"end":{"line":8,"column":37}},"5":{"start":{"line":9,"column":15},"end":{"line":9,"column":35}},"6":{"start":{"line":10,"column":14},"end":{"line":10,"column":33}},"7":{"start":{"line":17,"column":21},"end":{"line":17,"column":63}},"8":{"start":{"line":18,"column":4},"end":{"line":18,"column":35}},"9":{"start":{"line":25,"column":4},"end":{"line":35,"column":null}},"10":{"start":{"line":26,"column":6},"end":{"line":28,"column":null}},"11":{"start":{"line":27,"column":8},"end":{"line":27,"column":31}},"12":{"start":{"line":30,"column":6},"end":{"line":32,"column":null}},"13":{"start":{"line":31,"column":8},"end":{"line":31,"column":31}},"14":{"start":{"line":34,"column":6},"end":{"line":34,"column":55}},"15":{"start":{"line":42,"column":4},"end":{"line":42,"column":59}},"16":{"start":{"line":49,"column":49},"end":{"line":55,"column":6}},"17":{"start":{"line":57,"column":4},"end":{"line":57,"column":73}},"18":{"start":{"line":64,"column":4},"end":{"line":70,"column":6}},"19":{"start":{"line":12,"column":0},"end":{"line":12,"column":13}}},"fnMap":{"0":{"name":"(anonymous_6)","decl":{"start":{"line":16,"column":2},"end":{"line":16,"column":8}},"loc":{"start":{"line":16,"column":28},"end":{"line":19,"column":3}}},"1":{"name":"(anonymous_7)","decl":{"start":{"line":24,"column":2},"end":{"line":24,"column":8}},"loc":{"start":{"line":24,"column":59},"end":{"line":36,"column":3}}},"2":{"name":"(anonymous_8)","decl":{"start":{"line":41,"column":2},"end":{"line":41,"column":8}},"loc":{"start":{"line":41,"column":67},"end":{"line":43,"column":3}}},"3":{"name":"(anonymous_9)","decl":{"start":{"line":48,"column":2},"end":{"line":48,"column":8}},"loc":{"start":{"line":48,"column":35},"end":{"line":58,"column":3}}},"4":{"name":"(anonymous_10)","decl":{"start":{"line":63,"column":2},"end":{"line":63,"column":8}},"loc":{"start":{"line":63,"column":52},"end":{"line":71,"column":3}}}},"branchMap":{"0":{"loc":{"start":{"line":26,"column":6},"end":{"line":28,"column":null}},"type":"if","locations":[{"start":{"line":26,"column":6},"end":{"line":28,"column":null}}]},"1":{"loc":{"start":{"line":30,"column":6},"end":{"line":32,"column":null}},"type":"if","locations":[{"start":{"line":30,"column":6},"end":{"line":32,"column":null}}]},"2":{"loc":{"start":{"line":30,"column":10},"end":{"line":30,"column":47}},"type":"binary-expr","locations":[{"start":{"line":30,"column":10},"end":{"line":30,"column":19}},{"start":{"line":30,"column":23},"end":{"line":30,"column":47}}]},"3":{"loc":{"start":{"line":57,"column":11},"end":{"line":57,"column":72}},"type":"binary-expr","locations":[{"start":{"line":57,"column":11},"end":{"line":57,"column":42}},{"start":{"line":57,"column":46},"end":{"line":57,"column":72}}]},"4":{"loc":{"start":{"line":65,"column":14},"end":{"line":65,"column":33}},"type":"binary-expr","locations":[{"start":{"line":65,"column":14},"end":{"line":65,"column":27}},{"start":{"line":65,"column":31},"end":{"line":65,"column":33}}]},"5":{"loc":{"start":{"line":66,"column":12},"end":{"line":66,"column":29}},"type":"binary-expr","locations":[{"start":{"line":66,"column":12},"end":{"line":66,"column":23}},{"start":{"line":66,"column":27},"end":{"line":66,"column":29}}]},"6":{"loc":{"start":{"line":67,"column":19},"end":{"line":67,"column":67}},"type":"binary-expr","locations":[{"start":{"line":67,"column":19},"end":{"line":67,"column":37}},{"start":{"line":67,"column":41},"end":{"line":67,"column":67}}]},"7":{"loc":{"start":{"line":68,"column":12},"end":{"line":68,"column":36}},"type":"binary-expr","locations":[{"start":{"line":68,"column":12},"end":{"line":68,"column":31}},{"start":{"line":68,"column":35},"end":{"line":68,"column":36}}]},"8":{"loc":{"start":{"line":69,"column":16},"end":{"line":69,"column":37}},"type":"binary-expr","locations":[{"start":{"line":69,"column":16},"end":{"line":69,"column":31}},{"start":{"line":69,"column":35},"end":{"line":69,"column":37}}]}},"s":{"0":2,"1":2,"2":2,"3":2,"4":2,"5":2,"6":2,"7":2,"8":2,"9":2,"10":2,"11":1,"12":2,"13":1,"14":0,"15":8,"16":4,"17":4,"18":2,"19":2},"f":{"0":2,"1":2,"2":8,"3":4,"4":2},"b":{"0":[1],"1":[1],"2":[2,1],"3":[4,1],"4":[2,0],"5":[2,0],"6":[2,1],"7":[2,1],"8":[2,1]}}
,"/Users/huangyuqian/Desktop/windsurf/firebase/hello-firebase/firebase-image-converter/functions/src/utils/logger.ts": {"path":"/Users/huangyuqian/Desktop/windsurf/firebase/hello-firebase/firebase-image-converter/functions/src/utils/logger.ts","statementMap":{"0":{"start":{"line":1,"column":0},"end":{"line":1,"column":48}},"1":{"start":{"line":7,"column":4},"end":{"line":7,"column":27}},"2":{"start":{"line":11,"column":4},"end":{"line":14,"column":7}},"3":{"start":{"line":18,"column":4},"end":{"line":22,"column":7}},"4":{"start":{"line":26,"column":4},"end":{"line":29,"column":7}},"5":{"start":{"line":33,"column":4},"end":{"line":36,"column":7}},"6":{"start":{"line":3,"column":0},"end":{"line":3,"column":13}}},"fnMap":{"0":{"name":"(anonymous_6)","decl":{"start":{"line":6,"column":2},"end":{"line":6,"column":14}},"loc":{"start":{"line":6,"column":29},"end":{"line":8,"column":3}}},"1":{"name":"(anonymous_7)","decl":{"start":{"line":10,"column":2},"end":{"line":10,"column":6}},"loc":{"start":{"line":10,"column":34},"end":{"line":15,"column":3}}},"2":{"name":"(anonymous_8)","decl":{"start":{"line":17,"column":2},"end":{"line":17,"column":7}},"loc":{"start":{"line":17,"column":44},"end":{"line":23,"column":3}}},"3":{"name":"(anonymous_9)","decl":{"start":{"line":25,"column":2},"end":{"line":25,"column":6}},"loc":{"start":{"line":25,"column":34},"end":{"line":30,"column":3}}},"4":{"name":"(anonymous_10)","decl":{"start":{"line":32,"column":2},"end":{"line":32,"column":7}},"loc":{"start":{"line":32,"column":35},"end":{"line":37,"column":3}}}},"branchMap":{"0":{"loc":{"start":{"line":20,"column":13},"end":{"line":20,"column":59}},"type":"cond-expr","locations":[{"start":{"line":20,"column":38},"end":{"line":20,"column":51}},{"start":{"line":20,"column":54},"end":{"line":20,"column":59}}]},"1":{"loc":{"start":{"line":21,"column":13},"end":{"line":21,"column":61}},"type":"cond-expr","locations":[{"start":{"line":21,"column":38},"end":{"line":21,"column":49}},{"start":{"line":21,"column":52},"end":{"line":21,"column":61}}]}},"s":{"0":2,"1":21,"2":11,"3":4,"4":1,"5":1,"6":2},"f":{"0":21,"1":11,"2":4,"3":1,"4":1},"b":{"0":[1,3],"1":[1,3]}}
}
