TN:
SF:src/config/config.ts
FN:7,loadConfig
FN:13,(anonymous_7)
FN:48,isValidImageFormat
FN:56,getFileExtension
FN:64,isSupportedImage
FN:72,generateOutputPath
FNF:6
FNH:6
FNDA:5,loadConfig
FNDA:25,(anonymous_7)
FNDA:5,isValidImageFormat
FNDA:6,getFileExtension
FNDA:6,isSupportedImage
FNDA:3,generateOutputPath
DA:1,1
DA:7,1
DA:8,5
DA:11,5
DA:13,25
DA:16,5
DA:17,5
DA:18,1
DA:22,4
DA:23,4
DA:24,1
DA:28,3
DA:29,3
DA:30,1
DA:33,2
DA:49,5
DA:50,5
DA:56,1
DA:57,6
DA:58,6
DA:64,1
DA:65,6
DA:66,6
DA:72,1
DA:77,3
DA:78,3
DA:79,3
DA:81,3
LF:28
LH:28
BRDA:8,0,0,5
BRDA:8,0,1,0
BRDA:11,1,0,5
BRDA:11,1,1,4
BRDA:16,2,0,5
BRDA:16,2,1,3
BRDA:17,3,0,1
BRDA:22,4,0,4
BRDA:22,4,1,2
BRDA:23,5,0,1
BRDA:23,6,0,4
BRDA:23,6,1,4
BRDA:28,7,0,2
BRDA:28,7,1,1
BRDA:28,8,0,2
BRDA:28,8,1,0
BRDA:29,9,0,1
BRDA:29,10,0,3
BRDA:29,10,1,2
BRDA:29,10,2,2
BRDA:34,11,0,2
BRDA:34,11,1,1
BRDA:35,12,0,2
BRDA:35,12,1,1
BRDA:57,13,0,6
BRDA:57,13,1,0
BRDA:57,14,0,0
BRDA:57,14,1,6
BRDA:57,15,0,6
BRDA:57,15,1,6
BRDA:58,16,0,0
BRDA:58,16,1,6
BRDA:75,17,0,2
BRDA:81,18,0,1
BRDA:81,18,1,2
BRF:35
BRH:30
end_of_record
TN:
SF:src/converters/imageConverter.ts
FN:12,(anonymous_1)
FN:19,(anonymous_2)
FN:33,(anonymous_3)
FN:85,(anonymous_4)
FN:149,(anonymous_5)
FN:183,(anonymous_6)
FNF:6
FNH:6
FNDA:15,(anonymous_1)
FNDA:8,(anonymous_2)
FNDA:5,(anonymous_3)
FNDA:4,(anonymous_4)
FNDA:4,(anonymous_5)
FNDA:2,(anonymous_6)
DA:1,1
DA:3,1
DA:4,1
DA:9,1
DA:13,15
DA:20,8
DA:27,8
DA:38,5
DA:39,5
DA:42,5
DA:45,5
DA:46,2
DA:53,5
DA:54,5
DA:62,4
DA:73,1
DA:74,1
DA:90,4
DA:91,4
DA:94,4
DA:97,4
DA:98,3
DA:99,3
DA:102,3
DA:103,3
DA:104,3
DA:106,3
DA:107,1
DA:109,2
DA:113,3
DA:114,3
DA:126,3
DA:137,1
DA:138,1
DA:154,4
DA:155,4
DA:158,3
DA:159,3
DA:161,2
DA:162,2
DA:163,1
DA:167,1
DA:170,1
DA:173,0
DA:176,1
DA:184,2
LF:46
LH:45
BRDA:27,0,0,8
BRDA:27,0,1,0
BRDA:45,1,0,2
BRDA:45,2,0,5
BRDA:45,2,1,3
BRDA:47,3,0,2
BRDA:47,3,1,1
BRDA:76,4,0,0
BRDA:76,4,1,1
BRDA:98,5,0,3
BRDA:98,5,1,0
BRDA:99,6,0,3
BRDA:99,6,1,0
BRDA:106,7,0,1
BRDA:106,7,1,2
BRDA:140,8,0,0
BRDA:140,8,1,1
BRDA:159,9,0,1
BRDA:161,10,0,0
BRDA:161,10,1,2
BRDA:162,11,0,1
BRDA:167,12,0,1
BRF:22
BRH:16
end_of_record
TN:
SF:src/utils/file.ts
FN:16,(anonymous_6)
FN:24,(anonymous_7)
FN:41,(anonymous_8)
FN:48,(anonymous_9)
FN:63,(anonymous_10)
FNF:5
FNH:5
FNDA:2,(anonymous_6)
FNDA:2,(anonymous_7)
FNDA:8,(anonymous_8)
FNDA:4,(anonymous_9)
FNDA:2,(anonymous_10)
DA:1,2
DA:2,2
DA:3,2
DA:4,2
DA:8,2
DA:9,2
DA:10,2
DA:12,2
DA:17,2
DA:18,2
DA:25,2
DA:26,2
DA:27,1
DA:30,2
DA:31,1
DA:34,0
DA:42,8
DA:49,4
DA:57,4
DA:64,2
LF:20
LH:19
BRDA:26,0,0,1
BRDA:30,1,0,1
BRDA:30,2,0,2
BRDA:30,2,1,1
BRDA:57,3,0,4
BRDA:57,3,1,1
BRDA:65,4,0,2
BRDA:65,4,1,0
BRDA:66,5,0,2
BRDA:66,5,1,0
BRDA:67,6,0,2
BRDA:67,6,1,1
BRDA:68,7,0,2
BRDA:68,7,1,1
BRDA:69,8,0,2
BRDA:69,8,1,1
BRF:16
BRH:14
end_of_record
TN:
SF:src/utils/logger.ts
FN:6,(anonymous_6)
FN:10,(anonymous_7)
FN:17,(anonymous_8)
FN:25,(anonymous_9)
FN:32,(anonymous_10)
FNF:5
FNH:5
FNDA:21,(anonymous_6)
FNDA:11,(anonymous_7)
FNDA:4,(anonymous_8)
FNDA:1,(anonymous_9)
FNDA:1,(anonymous_10)
DA:1,2
DA:3,2
DA:7,21
DA:11,11
DA:18,4
DA:26,1
DA:33,1
LF:7
LH:7
BRDA:20,0,0,1
BRDA:20,0,1,3
BRDA:21,1,0,1
BRDA:21,1,1,3
BRF:4
BRH:4
end_of_record
